SF:lib/modules/outbound/collection_task/models/outbound_task_item.dart
DA:72,1
DA:73,1
DA:79,4
DA:82,4
DA:85,0
DA:88,0
DA:91,0
DA:92,0
DA:94,0
DA:95,0
DA:100,0
DA:101,0
DA:102,0
DA:104,0
DA:109,0
DA:110,0
LF:16
LH:4
end_of_record
SF:lib/modules/outbound/collection_task/models/outbound_task_item.g.dart
DA:9,1
DA:11,1
DA:12,1
DA:13,1
DA:14,2
DA:15,2
DA:16,1
DA:17,1
DA:18,1
DA:19,1
DA:20,1
DA:21,1
DA:22,1
DA:23,1
DA:24,2
DA:25,1
DA:26,1
DA:27,1
DA:29,2
DA:31,2
DA:32,1
DA:34,0
DA:35,1
DA:37,0
DA:40,1
DA:42,1
DA:43,1
DA:44,1
DA:45,1
DA:46,1
DA:47,1
DA:48,1
DA:49,1
DA:50,1
DA:51,1
DA:52,1
DA:53,1
DA:54,1
DA:55,1
DA:56,1
DA:57,1
DA:58,1
DA:59,2
DA:60,1
DA:61,1
DA:62,1
LF:46
LH:44
end_of_record
SF:lib/modules/outbound/collection_task/models/collect_data.dart
DA:78,1
DA:79,1
DA:85,3
DA:88,5
DA:91,0
DA:94,5
DA:97,3
DA:100,1
DA:101,2
DA:104,1
DA:109,1
DA:110,2
DA:111,2
DA:113,1
DA:118,1
DA:119,3
DA:123,0
DA:138,0
DA:139,0
DA:153,0
DA:154,0
LF:21
LH:15
end_of_record
SF:lib/modules/outbound/collection_task/models/collect_data.g.dart
DA:9,1
DA:10,1
DA:11,1
DA:12,1
DA:13,1
DA:14,1
DA:15,1
DA:16,2
DA:17,2
DA:18,1
DA:19,1
DA:20,1
DA:21,1
DA:22,1
DA:23,1
DA:24,1
DA:25,1
DA:26,1
DA:27,1
DA:29,2
DA:31,2
DA:32,1
DA:34,2
DA:35,1
DA:37,0
DA:38,1
DA:41,1
DA:42,1
DA:43,1
DA:44,1
DA:45,1
DA:46,1
DA:47,1
DA:48,1
DA:49,1
DA:50,1
DA:51,1
DA:52,1
DA:53,1
DA:54,1
DA:55,1
DA:56,1
DA:57,1
DA:58,1
DA:59,1
DA:60,2
DA:61,1
DA:62,2
DA:63,1
DA:64,1
LF:50
LH:49
end_of_record
SF:lib/modules/outbound/collection_task/models/record_status.dart
DA:23,2
DA:24,2
DA:27,2
DA:30,0
LF:4
LH:3
end_of_record
SF:lib/modules/outbound/collection_task/services/tab_data_service.dart
DA:8,1
DA:12,1
DA:13,1
DA:17,1
DA:19,4
DA:20,1
DA:22,1
DA:23,1
DA:24,4
DA:26,1
DA:28,1
DA:29,1
DA:30,4
DA:32,1
DA:34,1
DA:36,3
DA:38,1
DA:40,3
DA:42,1
DA:43,1
DA:44,1
DA:45,3
DA:49,1
DA:51,1
DA:61,1
DA:64,0
DA:69,1
DA:75,1
DA:76,1
DA:78,1
DA:86,4
DA:87,1
DA:92,4
DA:93,1
DA:96,1
DA:100,1
DA:107,0
DA:112,1
DA:117,1
DA:120,1
DA:121,4
DA:124,2
DA:125,0
DA:128,1
DA:130,3
DA:133,2
DA:134,1
DA:135,4
DA:140,2
DA:144,3
DA:147,1
DA:150,1
DA:153,1
DA:156,0
DA:161,1
DA:166,1
DA:168,2
DA:169,1
DA:174,1
DA:178,1
DA:181,1
DA:186,0
DA:191,1
DA:195,1
DA:197,1
DA:206,1
DA:212,1
DA:218,1
DA:222,1
DA:228,1
DA:233,1
DA:234,1
DA:237,4
DA:238,0
DA:241,1
DA:246,1
DA:252,1
DA:256,1
DA:258,0
DA:263,1
DA:267,1
DA:269,0
DA:274,1
DA:275,1
DA:304,1
DA:320,1
DA:321,1
DA:323,1
DA:336,0
DA:337,0
DA:340,0
DA:362,1
DA:370,0
DA:371,0
DA:374,0
DA:387,1
DA:394,1
DA:395,1
DA:398,1
DA:416,1
DA:429,1
DA:441,1
DA:442,1
DA:443,1
DA:444,1
DA:445,1
DA:446,1
DA:447,1
DA:461,1
DA:463,0
DA:464,0
LF:111
LH:95
end_of_record
SF:lib/modules/outbound/collection_task/services/data_submission_service.dart
DA:8,1
DA:15,1
DA:16,1
DA:19,1
DA:20,1
DA:21,1
DA:25,2
DA:27,2
DA:28,1
DA:33,2
DA:34,1
DA:38,2
DA:39,0
DA:44,2
DA:45,1
DA:50,3
DA:51,3
DA:52,1
DA:53,1
DA:56,1
DA:59,1
DA:62,1
DA:63,1
DA:64,2
DA:70,1
DA:71,1
DA:78,4
DA:80,1
DA:86,0
DA:91,1
DA:98,3
DA:99,1
DA:100,1
DA:101,1
DA:102,1
DA:103,1
DA:104,1
DA:105,1
DA:106,1
DA:107,1
DA:108,1
DA:110,4
DA:112,1
DA:118,1
DA:121,1
DA:126,0
DA:131,1
DA:140,1
DA:143,1
DA:150,1
DA:156,1
DA:159,4
DA:162,1
DA:163,2
DA:170,0
DA:172,0
DA:173,0
DA:180,1
DA:187,1
DA:188,1
DA:193,1
DA:194,1
DA:197,0
DA:198,0
DA:199,0
DA:203,0
DA:204,0
DA:206,0
DA:210,1
DA:214,1
DA:217,1
DA:218,1
DA:219,1
DA:226,1
DA:232,1
DA:234,1
DA:236,1
DA:237,1
DA:240,0
DA:245,1
DA:250,2
DA:252,3
DA:253,2
DA:255,1
DA:259,1
DA:261,1
DA:266,0
DA:271,1
DA:277,1
DA:279,1
DA:284,1
DA:291,1
DA:297,1
DA:298,1
DA:306,1
DA:307,1
DA:315,1
DA:316,1
DA:324,0
DA:325,0
DA:334,0
DA:337,0
DA:345,1
DA:353,1
DA:355,3
DA:357,1
DA:359,1
DA:363,0
DA:368,1
DA:374,1
DA:376,1
DA:377,0
DA:380,0
DA:386,1
DA:391,1
DA:393,1
DA:398,1
DA:404,2
DA:406,1
DA:408,1
DA:410,1
DA:414,1
DA:421,1
DA:427,1
DA:429,1
DA:432,1
DA:436,0
DA:450,1
DA:472,1
DA:491,1
DA:508,1
DA:518,1
DA:527,1
DA:528,0
DA:529,0
DA:530,0
DA:531,0
DA:532,0
DA:533,0
DA:534,0
DA:547,1
DA:561,1
DA:601,1
DA:611,1
DA:616,1
DA:619,1
DA:620,1
DA:626,1
DA:632,1
DA:635,1
DA:636,1
DA:637,1
DA:649,1
DA:655,0
DA:656,0
DA:672,1
DA:682,1
DA:686,1
DA:693,1
DA:697,1
DA:704,1
DA:708,1
DA:709,1
DA:710,1
DA:711,1
DA:712,1
DA:713,1
DA:714,0
DA:715,1
DA:727,1
DA:735,0
DA:736,0
DA:740,0
DA:750,1
DA:756,0
DA:757,0
DA:760,0
DA:770,1
DA:784,1
DA:799,1
DA:806,0
DA:807,0
LF:182
LH:142
end_of_record
SF:lib/modules/outbound/collection_task/repositories/memory_outbound_collection_repository.dart
DA:16,2
DA:18,6
DA:21,1
DA:23,7
DA:26,2
DA:28,4
DA:31,2
DA:36,4
DA:39,8
DA:43,1
DA:48,2
DA:51,4
DA:55,0
DA:57,0
DA:58,0
DA:60,0
DA:68,2
DA:70,6
DA:74,1
DA:76,2
DA:77,3
DA:82,2
DA:84,6
DA:87,1
DA:91,2
DA:92,4
DA:93,1
DA:96,0
DA:98,0
DA:99,0
DA:100,0
DA:103,1
DA:105,7
DA:108,1
DA:110,2
DA:114,0
DA:116,0
DA:122,1
DA:124,2
DA:128,1
DA:130,2
DA:133,1
DA:135,2
DA:139,1
DA:141,2
DA:147,1
DA:149,2
DA:153,1
DA:155,1
DA:156,2
DA:157,2
DA:159,1
DA:165,1
DA:167,2
DA:168,2
DA:176,2
DA:177,2
DA:179,4
DA:184,1
DA:185,2
DA:186,2
DA:187,2
DA:188,2
DA:192,1
DA:193,1
DA:194,2
DA:195,2
DA:196,2
DA:197,2
LF:69
LH:59
end_of_record
SF:lib/modules/outbound/collection_task/models/barcode_content.dart
DA:49,1
DA:50,1
DA:56,9
DA:59,10
DA:62,3
DA:65,3
DA:68,0
DA:69,0
DA:70,0
DA:72,0
DA:74,0
DA:82,0
DA:83,0
DA:84,0
DA:86,0
DA:94,1
DA:96,2
DA:99,4
DA:104,4
DA:112,0
DA:113,0
DA:114,0
DA:116,0
DA:117,0
DA:119,0
DA:123,0
DA:124,0
DA:125,0
DA:127,0
DA:128,0
DA:131,0
DA:135,0
DA:136,0
DA:138,0
DA:139,0
DA:142,0
DA:143,0
DA:146,0
DA:147,0
DA:150,0
LF:40
LH:10
end_of_record
SF:lib/modules/outbound/collection_task/models/barcode_content.g.dart
DA:9,1
DA:10,1
DA:11,1
DA:12,1
DA:13,1
DA:14,1
DA:15,2
DA:16,1
DA:17,1
DA:18,1
DA:19,1
DA:20,1
DA:21,1
DA:22,1
DA:25,1
DA:27,1
DA:28,1
DA:29,1
DA:30,1
DA:31,1
DA:32,1
DA:33,1
DA:34,1
DA:35,1
DA:36,1
DA:37,1
DA:38,1
DA:39,1
LF:28
LH:28
end_of_record
SF:lib/main.dart
DA:8,0
DA:9,0
DA:13,1
DA:15,1
DA:17,1
DA:19,1
DA:20,1
DA:23,2
LF:8
LH:6
end_of_record
SF:lib/app_module.dart
DA:13,0
DA:16,0
DA:17,0
DA:18,0
DA:20,0
DA:22,0
DA:23,0
DA:24,0
DA:25,0
DA:30,0
DA:33,0
DA:36,0
DA:39,0
DA:42,0
LF:14
LH:0
end_of_record
SF:lib/modules/home/lauch_page/splash_page.dart
DA:11,1
DA:13,0
DA:16,0
DA:19,0
DA:22,0
DA:24,0
DA:25,0
DA:26,0
DA:27,0
DA:28,0
DA:30,0
DA:62,0
DA:64,0
DA:65,0
DA:68,0
DA:70,0
DA:72,0
DA:74,0
DA:75,0
DA:77,0
DA:79,0
DA:81,0
DA:83,0
DA:87,0
DA:92,0
DA:93,0
DA:95,0
LF:27
LH:1
end_of_record
SF:lib/modules/home/login/bloc/login_bloc.dart
DA:13,0
DA:14,0
DA:15,0
DA:17,0
DA:18,0
DA:22,0
DA:25,0
DA:26,0
DA:28,0
LF:9
LH:0
end_of_record
SF:lib/services/dio_client.dart
DA:6,0
DA:8,0
DA:17,0
DA:22,0
DA:23,0
DA:24,0
DA:28,0
DA:29,0
DA:30,0
DA:31,0
DA:34,0
DA:35,0
DA:36,0
DA:41,0
DA:49,0
DA:50,0
DA:51,0
DA:55,0
DA:56,0
DA:57,0
DA:59,0
DA:60,0
DA:63,0
DA:65,0
DA:67,0
DA:68,0
DA:72,0
DA:73,0
DA:74,0
DA:77,0
DA:79,0
DA:82,0
DA:83,0
DA:86,0
DA:89,0
DA:95,0
DA:97,0
DA:99,0
DA:103,0
DA:108,0
DA:113,0
DA:114,0
DA:115,0
DA:116,0
DA:117,0
DA:118,0
DA:122,0
DA:124,0
DA:125,0
DA:128,0
DA:131,0
DA:134,0
DA:137,0
DA:144,0
DA:145,0
DA:147,0
DA:148,0
DA:153,0
DA:154,0
LF:59
LH:0
end_of_record
SF:lib/services/user_manager.dart
DA:9,0
DA:13,0
DA:15,0
DA:17,0
DA:19,0
DA:22,0
DA:23,0
DA:26,0
DA:32,0
DA:33,0
DA:34,0
DA:35,0
DA:39,0
DA:40,0
DA:43,0
DA:44,0
DA:45,0
DA:48,0
DA:49,0
DA:57,0
DA:58,0
DA:59,0
DA:63,0
DA:64,0
DA:65,0
DA:67,0
DA:68,0
DA:74,0
DA:75,0
DA:76,0
LF:30
LH:0
end_of_record
SF:lib/modules/home/home_page.dart
DA:7,1
DA:9,0
DA:11,0
DA:13,0
DA:14,0
DA:22,1
DA:24,0
DA:42,1
DA:46,0
DA:48,0
DA:51,0
DA:52,0
DA:53,0
DA:58,0
DA:61,0
DA:74,1
DA:76,0
DA:78,0
DA:79,0
DA:80,0
DA:82,0
DA:83,0
DA:99,0
DA:101,0
DA:102,0
DA:105,0
DA:106,0
DA:108,0
DA:110,0
DA:111,0
DA:127,1
DA:135,0
DA:137,0
DA:140,0
DA:142,0
DA:143,0
DA:144,0
DA:145,0
DA:151,0
DA:153,0
DA:158,0
DA:159,0
DA:161,0
DA:162,0
DA:163,0
DA:164,0
DA:168,0
DA:169,0
DA:170,0
DA:171,0
DA:173,0
DA:174,0
DA:176,0
DA:177,0
DA:186,0
DA:188,0
DA:189,0
DA:192,0
DA:193,0
DA:194,0
DA:196,0
DA:198,0
DA:201,0
DA:204,0
DA:207,0
DA:227,1
DA:246,0
DA:248,0
DA:250,0
DA:252,0
DA:262,0
DA:271,0
DA:272,0
DA:280,0
DA:282,0
DA:284,0
DA:286,0
DA:288,0
DA:289,0
DA:290,0
DA:291,0
DA:293,0
DA:294,0
DA:295,0
DA:301,0
DA:302,0
DA:303,0
DA:304,0
DA:306,0
DA:308,0
DA:309,0
DA:310,0
DA:311,0
DA:314,0
DA:317,0
DA:318,0
DA:319,0
DA:329,0
DA:330,0
DA:333,0
DA:336,0
DA:339,0
DA:356,1
DA:363,1
DA:369,0
DA:371,0
DA:372,0
DA:380,0
DA:382,0
DA:383,0
DA:386,0
DA:388,0
DA:391,0
DA:393,0
DA:394,0
DA:395,0
DA:396,0
DA:397,0
DA:398,0
DA:402,0
DA:403,0
DA:405,0
DA:412,0
DA:414,0
DA:415,0
LF:125
LH:8
end_of_record
SF:lib/modules/home/login/login_page.dart
DA:14,1
DA:16,0
DA:18,0
DA:19,0
DA:20,0
DA:28,1
DA:30,0
DA:33,0
DA:34,0
DA:35,0
DA:36,0
DA:37,0
DA:39,0
DA:40,0
DA:41,0
DA:43,0
DA:44,0
DA:46,0
DA:47,0
DA:49,0
DA:50,0
DA:51,0
DA:53,0
DA:56,0
DA:58,0
DA:59,0
DA:60,0
DA:71,0
DA:74,0
DA:76,0
DA:77,0
DA:78,0
DA:80,0
DA:82,0
DA:83,0
DA:99,0
DA:100,0
DA:101,0
DA:102,0
DA:140,0
DA:145,0
DA:155,0
DA:157,0
DA:159,0
DA:162,0
DA:171,0
DA:177,0
DA:178,0
DA:179,0
DA:180,0
DA:182,0
DA:183,0
DA:197,0
DA:206,0
DA:209,0
DA:211,0
DA:213,0
DA:214,0
DA:216,0
DA:219,0
DA:223,0
DA:224,0
DA:233,0
DA:247,0
DA:254,0
DA:258,0
DA:262,0
DA:265,0
DA:266,0
DA:267,0
DA:269,0
DA:272,0
DA:273,0
DA:283,0
DA:284,0
DA:287,0
DA:289,0
DA:291,0
DA:292,0
DA:309,0
DA:311,0
DA:313,0
DA:318,0
DA:320,0
DA:324,0
DA:325,0
DA:328,0
DA:331,0
DA:334,0
DA:337,0
DA:344,0
DA:345,0
DA:346,0
DA:347,0
DA:348,0
DA:355,0
DA:356,0
DA:368,0
DA:376,0
DA:377,0
DA:378,0
DA:379,0
DA:380,0
DA:387,0
DA:388,0
DA:400,0
LF:106
LH:2
end_of_record
SF:lib/services/api_service.dart
DA:8,0
DA:16,0
DA:19,0
DA:20,0
DA:22,0
DA:25,0
DA:31,0
DA:34,0
DA:37,0
DA:41,0
DA:42,0
DA:43,0
DA:46,0
DA:52,0
DA:53,0
DA:54,0
LF:16
LH:0
end_of_record
SF:lib/modules/outbound/outbound_module.dart
DA:19,0
DA:20,0
DA:22,0
DA:25,0
DA:26,0
DA:30,0
DA:31,0
DA:32,0
DA:33,0
DA:38,0
DA:39,0
DA:40,0
DA:41,0
DA:51,0
DA:54,0
DA:56,0
DA:57,0
DA:63,0
DA:65,0
DA:66,0
DA:72,0
DA:74,0
DA:75,0
DA:76,0
DA:77,0
DA:78,0
DA:79,0
DA:81,0
DA:82,0
DA:85,0
DA:86,0
DA:87,0
LF:32
LH:0
end_of_record
SF:lib/common_widgets/common_grid/common_data_grid.dart
DA:57,1
DA:75,1
DA:76,1
DA:98,1
DA:100,1
DA:101,4
DA:102,4
DA:103,2
DA:104,2
DA:107,2
DA:108,3
DA:110,2
DA:111,1
DA:114,2
DA:115,3
DA:117,2
DA:118,1
DA:121,2
DA:122,2
DA:123,2
DA:124,1
DA:128,1
DA:131,3
DA:132,4
DA:133,5
DA:136,5
DA:139,1
DA:141,1
DA:142,4
DA:143,4
DA:144,5
DA:145,2
DA:146,2
DA:147,2
DA:148,1
DA:150,6
DA:153,4
DA:154,0
DA:155,1
DA:158,2
DA:159,7
DA:160,7
DA:161,2
DA:162,5
DA:164,2
DA:165,3
DA:171,0
DA:172,0
DA:173,0
DA:176,0
DA:178,0
DA:179,0
DA:180,0
DA:182,0
DA:183,0
DA:188,1
DA:191,1
DA:192,2
DA:194,1
DA:195,2
DA:197,2
DA:198,2
DA:199,1
DA:203,1
DA:204,1
DA:206,1
DA:207,1
DA:211,1
DA:212,2
DA:216,1
DA:217,2
DA:219,3
DA:220,4
DA:221,1
DA:225,1
DA:226,4
DA:231,1
DA:232,6
DA:237,3
DA:238,1
DA:241,3
DA:242,2
DA:245,1
DA:246,0
DA:248,1
DA:251,1
DA:253,2
DA:254,1
DA:258,1
DA:259,1
DA:263,0
DA:264,0
DA:265,0
DA:268,1
DA:270,1
DA:271,1
DA:272,1
DA:274,1
DA:276,1
DA:277,1
DA:278,1
DA:281,1
DA:282,1
DA:285,2
DA:286,1
DA:287,2
DA:291,2
DA:292,1
DA:293,1
DA:295,0
DA:298,0
DA:304,1
DA:308,1
DA:309,1
DA:310,1
DA:311,1
DA:312,1
DA:318,1
DA:322,0
DA:324,0
DA:330,0
DA:331,0
DA:332,0
DA:333,0
DA:335,0
DA:338,0
DA:340,0
DA:341,0
DA:346,0
DA:348,0
DA:352,0
DA:353,0
DA:354,0
DA:355,0
DA:360,0
DA:361,0
DA:368,0
DA:372,0
DA:373,0
DA:378,0
DA:379,0
DA:385,0
DA:386,0
DA:390,0
DA:391,0
DA:393,0
DA:394,0
DA:402,0
DA:404,0
DA:408,0
DA:410,0
DA:413,0
DA:415,0
DA:416,0
DA:420,2
DA:421,2
DA:427,2
DA:428,2
DA:429,1
DA:434,3
DA:441,1
DA:442,1
DA:447,1
DA:448,1
DA:450,1
DA:451,1
DA:453,1
DA:455,1
DA:456,1
DA:457,1
DA:458,4
DA:459,3
DA:473,1
DA:474,6
DA:477,1
DA:478,1
DA:481,1
DA:488,1
DA:489,4
DA:491,1
DA:492,1
DA:494,1
DA:495,1
DA:497,1
DA:501,4
DA:502,2
DA:507,0
DA:512,0
DA:513,0
DA:514,0
DA:517,0
DA:518,0
DA:519,0
DA:522,0
DA:523,0
DA:525,0
DA:528,0
DA:542,1
DA:547,5
DA:548,1
DA:553,1
DA:554,4
DA:555,1
DA:556,2
DA:557,2
DA:558,3
DA:561,2
DA:562,1
DA:563,1
DA:565,2
DA:566,9
DA:570,1
DA:571,1
DA:573,1
DA:575,2
DA:576,2
DA:577,2
DA:579,1
DA:581,3
DA:582,3
DA:583,1
DA:585,2
DA:587,1
DA:588,1
DA:590,2
DA:591,1
DA:596,1
DA:602,2
DA:604,1
DA:607,1
DA:608,0
DA:609,1
DA:611,1
DA:612,1
DA:613,1
DA:614,1
DA:619,1
DA:621,2
DA:622,3
DA:624,1
DA:625,0
DA:653,1
LF:242
LH:177
end_of_record
SF:lib/common_widgets/common_grid/grid_bloc.dart
DA:15,0
DA:23,0
DA:24,0
DA:25,0
DA:26,0
DA:28,0
DA:29,0
DA:30,0
DA:34,0
DA:39,0
DA:40,0
DA:42,0
DA:46,0
DA:48,0
DA:50,0
DA:51,0
DA:53,0
DA:54,0
DA:55,0
DA:56,0
DA:61,0
DA:62,0
DA:65,0
DA:66,0
DA:68,0
DA:71,0
DA:72,0
DA:78,0
DA:82,0
DA:83,0
DA:89,0
DA:91,0
DA:111,0
DA:113,0
DA:115,0
DA:116,0
DA:118,0
DA:119,0
DA:120,0
DA:124,0
DA:125,0
DA:127,0
DA:134,0
DA:138,0
DA:142,0
DA:146,0
DA:150,0
DA:154,0
DA:155,0
LF:49
LH:0
end_of_record
SF:lib/common_widgets/common_grid/grid_event.dart
DA:7,1
DA:9,0
DA:10,0
DA:18,0
DA:20,0
DA:21,0
DA:28,0
DA:30,0
DA:31,0
DA:38,0
DA:40,0
DA:41,0
DA:47,1
DA:49,0
DA:50,0
DA:56,0
DA:58,0
DA:59,0
LF:18
LH:2
end_of_record
SF:lib/common_widgets/common_grid/grid_state.dart
DA:13,0
DA:22,0
DA:30,0
DA:31,0
DA:32,0
DA:33,0
DA:34,0
DA:35,0
DA:36,0
DA:40,0
DA:41,0
DA:42,0
DA:43,0
DA:44,0
DA:45,0
DA:46,0
DA:47,0
LF:17
LH:0
end_of_record
SF:lib/utils/error_handler.dart
DA:6,0
DA:7,0
DA:9,0
DA:10,0
DA:12,0
DA:13,0
DA:14,0
DA:19,0
DA:24,0
DA:25,0
DA:26,0
DA:28,0
DA:30,0
DA:32,0
DA:34,0
DA:35,0
DA:36,0
DA:38,0
DA:40,0
DA:43,0
DA:45,0
DA:49,0
DA:54,0
DA:56,0
DA:57,0
DA:58,0
DA:59,0
DA:60,0
DA:61,0
LF:29
LH:0
end_of_record
SF:lib/common_widgets/custom_app_bar.dart
DA:16,0
DA:23,0
DA:24,0
DA:28,0
DA:29,0
DA:31,0
DA:34,0
DA:35,0
LF:8
LH:0
end_of_record
SF:lib/common_widgets/keyboard_dismiss_ontap.dart
DA:5,0
DA:7,0
DA:9,0
DA:11,0
DA:12,0
LF:5
LH:0
end_of_record
SF:lib/common_widgets/loading_dialog_manager.dart
DA:10,0
DA:13,0
DA:14,0
DA:21,0
DA:22,0
DA:23,0
DA:27,0
DA:28,0
DA:29,0
DA:36,0
DA:41,0
DA:42,0
DA:43,0
DA:52,0
DA:53,0
DA:55,0
DA:56,0
DA:58,0
DA:59,0
DA:60,0
DA:61,0
DA:62,0
DA:76,0
DA:81,0
DA:85,0
DA:87,0
DA:90,0
DA:91,0
DA:92,0
DA:94,0
DA:96,0
DA:101,0
DA:120,0
DA:121,0
DA:125,0
DA:128,0
DA:129,0
DA:134,0
DA:137,0
DA:138,0
DA:145,0
DA:146,0
DA:150,0
DA:151,0
DA:155,0
DA:156,0
DA:160,0
DA:161,0
DA:165,0
DA:166,0
LF:50
LH:0
end_of_record
SF:lib/models/user_info_model.dart
DA:20,0
DA:21,0
LF:2
LH:0
end_of_record
SF:lib/models/user_info_model.g.dart
DA:9,0
DA:10,0
DA:11,0
DA:12,0
DA:13,0
DA:14,0
DA:15,0
DA:16,0
DA:17,0
DA:18,0
DA:21,0
DA:22,0
DA:23,0
DA:24,0
DA:25,0
DA:26,0
DA:27,0
DA:28,0
DA:29,0
DA:30,0
LF:20
LH:0
end_of_record
SF:lib/models/user_login_info_model.dart
DA:14,0
DA:15,0
LF:2
LH:0
end_of_record
SF:lib/models/user_login_info_model.g.dart
DA:9,0
DA:11,0
DA:12,0
DA:13,0
DA:16,0
DA:18,0
DA:19,0
DA:20,0
LF:8
LH:0
end_of_record
SF:lib/modules/home/login/bloc/login_event.dart
DA:4,0
DA:6,0
DA:7,0
DA:14,0
DA:16,0
DA:17,0
LF:6
LH:0
end_of_record
SF:lib/modules/home/login/bloc/login_state.dart
DA:4,1
DA:6,0
DA:7,0
DA:19,1
DA:21,0
DA:22,0
LF:6
LH:2
end_of_record
SF:lib/modules/outbound/task_list/bloc/outbound_task_bloc.dart
DA:25,0
DA:28,0
DA:29,0
DA:30,0
DA:31,0
DA:35,0
DA:36,0
DA:37,0
DA:38,0
DA:41,0
DA:43,0
DA:45,0
DA:51,0
DA:55,0
DA:56,0
DA:59,0
DA:63,0
DA:67,0
DA:68,0
DA:72,0
DA:74,0
DA:77,0
DA:78,0
DA:80,0
DA:85,0
DA:89,0
DA:93,0
DA:94,0
DA:96,0
DA:97,0
DA:98,0
LF:31
LH:0
end_of_record
SF:lib/modules/outbound/task_details/bloc/outbound_task_detail_bloc.dart
DA:19,0
DA:20,0
DA:21,0
DA:23,0
DA:24,0
DA:25,0
DA:26,0
DA:29,0
DA:36,0
DA:37,0
DA:38,0
DA:39,0
DA:44,0
DA:45,0
DA:46,0
DA:47,0
DA:48,0
DA:50,0
DA:52,0
DA:54,0
DA:60,0
DA:61,0
DA:62,0
DA:63,0
DA:64,0
DA:65,0
DA:70,0
DA:71,0
DA:73,0
DA:76,0
DA:77,0
DA:85,0
DA:89,0
DA:90,0
DA:94,0
DA:98,0
DA:103,0
DA:107,0
DA:111,0
DA:112,0
DA:115,0
DA:117,0
DA:118,0
DA:121,0
DA:124,0
DA:127,0
DA:138,0
DA:142,0
DA:146,0
DA:151,0
DA:156,0
DA:159,0
LF:52
LH:0
end_of_record
SF:lib/modules/outbound/services/outbound_task_service.dart
DA:10,0
DA:13,0
DA:16,0
DA:18,0
DA:21,0
DA:23,0
DA:24,0
DA:33,0
DA:36,0
DA:38,0
DA:41,0
DA:43,0
DA:44,0
DA:53,0
DA:54,0
DA:56,0
DA:59,0
DA:61,0
DA:62,0
DA:73,0
DA:78,0
DA:80,0
DA:92,0
DA:93,0
DA:98,0
DA:104,0
DA:105,0
DA:106,0
DA:107,0
LF:29
LH:0
end_of_record
SF:lib/modules/outbound/task_list/outbound_task_list_page.dart
DA:21,1
DA:23,0
DA:24,0
DA:34,0
DA:36,0
DA:37,0
DA:38,0
DA:40,0
DA:43,0
DA:45,0
DA:46,0
DA:47,0
DA:50,0
DA:52,0
DA:54,0
DA:56,0
DA:57,0
DA:59,0
DA:60,0
DA:61,0
DA:65,0
DA:66,0
DA:67,0
DA:68,0
DA:70,0
DA:76,0
DA:77,0
DA:80,0
DA:84,0
DA:85,0
DA:86,0
DA:87,0
DA:88,0
DA:89,0
DA:90,0
DA:92,0
DA:95,0
DA:96,0
DA:100,0
DA:102,0
DA:103,0
DA:104,0
DA:106,0
DA:108,0
DA:109,0
DA:110,0
DA:117,0
DA:118,0
DA:119,0
DA:128,0
DA:130,0
DA:131,0
DA:132,0
DA:133,0
DA:134,0
DA:135,0
DA:145,0
DA:146,0
DA:147,0
DA:149,0
DA:154,0
DA:158,0
DA:159,0
DA:160,0
DA:161,0
DA:163,0
DA:166,0
DA:167,0
DA:169,0
DA:173,0
DA:174,0
DA:175,0
DA:176,0
DA:179,0
DA:180,0
DA:181,0
DA:182,0
DA:183,0
DA:184,0
DA:185,0
DA:187,0
DA:188,0
DA:191,0
DA:192,0
DA:193,0
DA:194,0
DA:195,0
DA:197,0
DA:200,0
DA:201,0
DA:202,0
DA:203,0
DA:205,0
DA:217,0
DA:219,0
DA:220,0
DA:223,0
DA:225,0
DA:229,0
DA:231,0
DA:232,0
DA:233,0
DA:234,0
DA:235,0
DA:236,0
DA:237,0
DA:243,0
DA:245,0
DA:246,0
DA:249,0
DA:251,0
DA:256,0
DA:257,0
DA:258,0
DA:259,0
DA:260,0
DA:261,0
DA:262,0
LF:118
LH:1
end_of_record
SF:lib/modules/outbound/task_details/outbound_task_detail_page.dart
DA:25,0
DA:31,0
DA:33,0
DA:34,0
DA:42,0
DA:44,0
DA:45,0
DA:46,0
DA:47,0
DA:50,0
DA:52,0
DA:53,0
DA:63,0
DA:64,0
DA:68,0
DA:69,0
DA:73,0
DA:74,0
DA:75,0
DA:76,0
DA:82,0
DA:83,0
DA:86,0
DA:90,0
DA:91,0
DA:93,0
DA:95,0
DA:96,0
DA:98,0
DA:99,0
DA:100,0
DA:104,0
DA:105,0
DA:106,0
DA:107,0
DA:109,0
DA:118,0
DA:119,0
DA:123,0
DA:124,0
DA:125,0
DA:126,0
DA:127,0
DA:128,0
DA:129,0
DA:132,0
DA:133,0
DA:137,0
DA:139,0
DA:140,0
DA:141,0
DA:143,0
DA:145,0
DA:146,0
DA:147,0
DA:160,0
DA:161,0
DA:162,0
DA:164,0
DA:168,0
DA:169,0
DA:170,0
DA:172,0
DA:175,0
DA:176,0
DA:178,0
DA:182,0
DA:183,0
DA:186,0
DA:190,0
DA:191,0
DA:192,0
DA:193,0
DA:195,0
DA:196,0
DA:197,0
DA:198,0
DA:199,0
DA:200,0
DA:201,0
DA:202,0
DA:203,0
DA:204,0
DA:205,0
DA:207,0
DA:208,0
DA:209,0
DA:210,0
DA:212,0
DA:214,0
DA:219,0
DA:228,0
DA:229,0
DA:233,0
DA:234,0
DA:235,0
DA:236,0
DA:238,0
DA:242,0
DA:244,0
DA:247,0
DA:249,0
DA:250,0
DA:252,0
DA:253,0
DA:255,0
DA:256,0
DA:257,0
DA:258,0
DA:259,0
DA:261,0
DA:262,0
LF:112
LH:0
end_of_record
SF:lib/services/api_response_handler.dart
DA:13,0
DA:21,0
DA:23,0
DA:24,0
DA:28,0
DA:29,0
DA:30,0
DA:31,0
DA:35,0
DA:37,0
DA:41,0
DA:43,0
DA:54,0
DA:61,0
DA:63,0
DA:64,0
DA:68,0
DA:69,0
DA:70,0
DA:71,0
DA:75,0
DA:77,0
DA:80,0
DA:81,0
DA:88,0
DA:89,0
DA:90,0
DA:91,0
DA:93,0
LF:29
LH:0
end_of_record
SF:lib/modules/outbound/task_list/models/outbound_task.dart
DA:51,0
DA:52,0
DA:57,0
DA:108,0
DA:109,0
DA:110,0
DA:111,0
DA:112,0
DA:113,0
DA:114,0
DA:115,0
DA:116,0
DA:117,0
DA:118,0
DA:119,0
DA:120,0
DA:121,0
DA:124,0
DA:138,0
DA:139,0
DA:140,0
DA:141,0
DA:142,0
DA:143,0
DA:144,0
DA:145,0
DA:146,0
DA:147,0
DA:148,0
DA:149,0
DA:150,0
DA:154,0
DA:155,0
DA:158,0
DA:159,0
DA:160,0
DA:161,0
DA:162,0
DA:163,0
DA:164,0
DA:165,0
DA:166,0
DA:167,0
DA:181,0
DA:182,0
DA:193,0
DA:194,0
LF:47
LH:0
end_of_record
SF:lib/modules/outbound/task_list/models/outbound_task.g.dart
DA:9,0
DA:10,0
DA:11,0
DA:12,0
DA:13,0
DA:14,0
DA:15,0
DA:16,0
DA:17,0
DA:18,0
DA:19,0
DA:20,0
DA:21,0
DA:22,0
DA:23,0
DA:26,0
DA:27,0
DA:28,0
DA:29,0
DA:30,0
DA:31,0
DA:32,0
DA:33,0
DA:34,0
DA:35,0
DA:36,0
DA:37,0
DA:38,0
DA:39,0
DA:40,0
DA:43,0
DA:45,0
DA:46,0
DA:47,0
DA:48,0
DA:51,0
DA:53,0
DA:54,0
DA:55,0
DA:56,0
DA:59,0
DA:61,0
DA:63,0
DA:64,0
DA:65,0
DA:67,0
DA:70,0
DA:72,0
LF:48
LH:0
end_of_record
SF:lib/modules/outbound/task_details/models/outbound_task_item.dart
DA:44,0
DA:45,0
DA:86,0
DA:87,0
DA:101,0
DA:102,0
DA:119,0
DA:120,0
DA:137,0
DA:138,0
DA:149,0
DA:150,0
DA:164,0
DA:165,0
LF:14
LH:0
end_of_record
SF:lib/modules/outbound/task_details/models/outbound_task_item.g.dart
DA:9,0
DA:11,0
DA:12,0
DA:13,0
DA:14,0
DA:15,0
DA:16,0
DA:17,0
DA:18,0
DA:19,0
DA:20,0
DA:21,0
DA:22,0
DA:25,0
DA:27,0
DA:28,0
DA:29,0
DA:30,0
DA:31,0
DA:32,0
DA:33,0
DA:34,0
DA:35,0
DA:36,0
DA:37,0
DA:38,0
DA:41,0
DA:43,0
DA:44,0
DA:45,0
DA:46,0
DA:47,0
DA:48,0
DA:49,0
DA:50,0
DA:51,0
DA:52,0
DA:53,0
DA:54,0
DA:57,0
DA:59,0
DA:60,0
DA:61,0
DA:62,0
DA:63,0
DA:64,0
DA:65,0
DA:66,0
DA:67,0
DA:68,0
DA:69,0
DA:70,0
DA:73,0
DA:75,0
DA:76,0
DA:77,0
DA:78,0
DA:79,0
DA:82,0
DA:84,0
DA:86,0
DA:88,0
DA:89,0
DA:90,0
DA:91,0
DA:94,0
DA:96,0
DA:97,0
DA:98,0
DA:99,0
DA:102,0
DA:104,0
DA:105,0
DA:106,0
DA:107,0
DA:110,0
DA:112,0
DA:113,0
DA:114,0
DA:115,0
DA:118,0
DA:119,0
DA:121,0
DA:122,0
DA:124,0
DA:126,0
DA:127,0
DA:128,0
DA:131,0
DA:133,0
LF:90
LH:0
end_of_record
SF:lib/modules/outbound/task_details/bloc/outbound_task_detail_state.dart
DA:5,0
DA:6,0
LF:2
LH:0
end_of_record
SF:lib/modules/outbound/task_details/config/outbound_task_detail_grid_config.dart
DA:7,0
DA:8,0
DA:10,0
DA:14,0
DA:18,0
DA:22,0
DA:26,0
DA:30,0
DA:34,0
DA:38,0
DA:42,0
DA:46,0
DA:50,0
DA:54,0
DA:58,0
DA:62,0
DA:66,0
DA:70,0
DA:71,0
DA:72,0
DA:75,0
DA:76,0
DA:84,0
DA:88,0
LF:24
LH:0
end_of_record
SF:lib/modules/outbound/task_details/widgets/outbound_batch_action_bar.dart
DA:12,0
DA:20,0
DA:22,0
DA:24,0
DA:25,0
DA:27,0
DA:29,0
DA:31,0
DA:32,0
DA:33,0
DA:40,0
DA:41,0
DA:42,0
DA:44,0
DA:45,0
DA:46,0
DA:47,0
DA:50,0
DA:96,0
DA:97,0
DA:106,0
DA:107,0
DA:108,0
DA:113,0
DA:114,0
DA:125,0
DA:126,0
DA:128,0
DA:129,0
DA:137,0
DA:138,0
DA:141,0
DA:142,0
DA:143,0
DA:152,0
DA:153,0
DA:154,0
DA:155,0
DA:157,0
LF:39
LH:0
end_of_record
SF:lib/modules/outbound/task_list/bloc/outbound_task_event.dart
DA:5,0
DA:7,0
DA:8,0
DA:13,0
DA:17,0
DA:18,0
DA:23,0
DA:27,0
DA:28,0
DA:33,0
DA:35,0
DA:36,0
LF:12
LH:0
end_of_record
SF:lib/modules/outbound/task_list/bloc/outbound_task_state.dart
DA:6,1
DA:8,0
DA:9,0
LF:3
LH:1
end_of_record
SF:lib/modules/outbound/task_list/config/outbound_task_grid_config.dart
DA:10,0
DA:13,0
DA:15,0
DA:19,0
DA:20,0
DA:21,0
DA:23,0
DA:25,0
DA:26,0
DA:28,0
DA:29,0
DA:30,0
DA:32,0
DA:40,0
DA:41,0
DA:44,0
DA:48,0
DA:50,0
DA:51,0
DA:52,0
DA:54,0
DA:61,0
DA:62,0
DA:74,0
DA:78,0
DA:82,0
DA:86,0
DA:90,0
DA:94,0
DA:98,0
DA:102,0
DA:106,0
DA:110,0
DA:114,0
DA:118,0
DA:122,0
DA:126,0
DA:127,0
DA:128,0
DA:131,0
DA:132,0
DA:140,0
DA:144,0
DA:145,0
DA:146,0
DA:149,0
DA:150,0
DA:158,0
DA:162,0
DA:166,0
DA:170,0
DA:171,0
DA:172,0
DA:173,0
DA:174,0
DA:177,0
DA:179,0
DA:181,0
DA:182,0
DA:183,0
DA:184,0
DA:189,0
DA:190,0
DA:191,0
DA:203,0
DA:207,0
DA:208,0
DA:209,0
DA:212,0
DA:213,0
LF:70
LH:0
end_of_record
SF:lib/modules/outbound/task_list/widgets/outbound_task_filter_dialog.dart
DA:6,1
DA:15,0
DA:38,0
DA:43,0
DA:45,0
DA:52,0
DA:54,0
DA:60,0
DA:62,0
DA:63,0
DA:66,0
DA:68,0
DA:70,0
DA:73,0
DA:76,0
DA:77,0
DA:78,0
DA:79,0
DA:80,0
DA:81,0
DA:83,0
DA:88,0
DA:89,0
DA:90,0
DA:93,0
DA:94,0
DA:95,0
DA:96,0
LF:28
LH:1
end_of_record
SF:lib/modules/outbound/collection_task/services/validation_service.dart
DA:9,1
DA:16,2
DA:17,3
DA:18,1
DA:20,1
DA:21,1
DA:22,2
DA:27,2
DA:28,2
DA:29,1
DA:31,1
DA:32,1
DA:36,1
DA:37,2
DA:38,2
DA:39,1
DA:40,3
DA:41,1
DA:43,1
DA:44,1
DA:45,2
DA:50,1
DA:52,0
DA:57,1
DA:64,1
DA:65,1
DA:69,1
DA:70,1
DA:71,1
DA:76,1
DA:77,1
DA:78,0
DA:80,1
DA:81,0
DA:85,1
DA:87,0
DA:92,1
DA:98,1
DA:99,1
DA:103,2
DA:104,1
DA:108,3
DA:110,1
DA:111,0
DA:115,1
DA:116,1
DA:117,1
DA:121,1
DA:122,1
DA:124,0
DA:129,1
DA:135,1
DA:136,1
DA:137,2
DA:138,1
DA:142,2
DA:143,3
DA:144,3
DA:145,2
DA:146,2
DA:147,1
DA:150,3
DA:153,1
DA:155,0
DA:160,0
DA:169,0
DA:175,0
DA:176,0
DA:177,0
DA:181,0
DA:184,0
DA:190,0
DA:191,0
DA:192,0
DA:197,0
DA:202,0
DA:203,0
DA:204,0
DA:209,0
DA:214,0
DA:215,0
DA:218,0
DA:220,0
DA:231,1
DA:237,1
DA:238,1
DA:241,1
DA:242,1
DA:245,1
DA:255,1
DA:257,1
DA:261,1
DA:262,1
DA:272,1
DA:278,1
DA:279,1
DA:285,1
DA:286,1
DA:300,0
DA:307,0
DA:311,0
DA:318,0
DA:319,0
LF:103
LH:72
end_of_record
SF:lib/modules/outbound/collection_task/bloc/outbound_collection_bloc.dart
DA:20,1
DA:27,1
DA:29,2
DA:30,2
DA:31,2
DA:32,2
DA:33,2
DA:34,2
DA:35,2
DA:36,2
DA:37,2
DA:38,2
DA:39,2
DA:40,2
DA:41,2
DA:42,2
DA:46,1
DA:50,4
DA:54,2
DA:57,1
DA:59,1
DA:60,3
DA:63,1
DA:64,1
DA:69,1
DA:73,0
DA:74,0
DA:76,0
DA:84,1
DA:88,2
DA:90,4
DA:94,3
DA:97,1
DA:98,3
DA:108,1
DA:109,1
DA:110,1
DA:111,3
DA:113,2
DA:122,2
DA:123,2
DA:124,1
DA:125,2
DA:126,1
DA:127,1
DA:130,1
DA:131,0
DA:132,0
DA:134,0
DA:141,1
DA:145,1
DA:149,1
DA:151,1
DA:152,3
DA:157,1
DA:160,1
DA:165,0
DA:166,0
DA:168,0
DA:176,1
DA:180,2
DA:182,4
DA:186,2
DA:189,0
DA:190,0
DA:192,0
DA:200,2
DA:201,5
DA:202,1
DA:204,1
DA:205,3
DA:207,1
DA:215,0
DA:216,0
DA:218,0
DA:226,1
DA:230,2
DA:231,1
DA:232,3
DA:241,4
DA:242,1
DA:243,3
DA:244,3
DA:251,1
DA:252,3
DA:253,1
DA:264,1
DA:268,2
DA:270,4
DA:274,1
DA:275,3
DA:276,3
DA:277,3
DA:278,3
DA:279,3
DA:280,5
DA:281,2
DA:282,1
DA:283,2
DA:284,2
DA:285,2
DA:286,2
DA:287,3
DA:289,1
DA:290,1
DA:294,2
DA:297,1
DA:300,2
DA:301,2
DA:302,1
DA:304,1
DA:305,3
DA:310,1
DA:315,1
DA:317,0
DA:318,0
DA:320,0
DA:328,1
DA:332,1
DA:333,3
DA:336,2
DA:339,2
DA:349,1
DA:353,5
DA:357,0
DA:362,0
DA:363,0
DA:367,0
DA:368,0
DA:370,0
DA:371,0
DA:374,0
DA:378,0
DA:379,0
DA:380,0
DA:388,0
DA:393,0
DA:394,0
DA:398,0
DA:399,0
DA:401,0
DA:402,0
DA:405,0
DA:409,0
DA:410,0
DA:411,0
DA:419,0
DA:428,0
DA:433,0
DA:435,0
DA:437,0
DA:438,0
DA:439,0
DA:447,0
DA:451,0
DA:454,0
DA:455,0
DA:457,0
DA:458,0
DA:462,0
DA:466,0
DA:467,0
DA:469,0
DA:477,0
DA:485,0
DA:490,0
DA:491,0
DA:492,0
DA:493,0
DA:494,0
DA:497,0
DA:498,0
DA:499,0
DA:500,0
DA:501,0
DA:507,0
DA:508,0
DA:509,0
DA:519,1
DA:522,2
DA:526,1
DA:528,1
DA:532,3
DA:536,1
DA:537,4
DA:539,3
DA:542,2
DA:543,4
DA:547,1
DA:548,1
DA:549,0
DA:553,1
DA:557,1
DA:558,2
DA:559,1
DA:562,3
DA:563,2
DA:564,1
DA:569,2
DA:570,0
DA:571,0
DA:579,1
DA:580,1
DA:582,4
DA:583,1
DA:585,6
DA:586,1
DA:588,4
DA:589,1
DA:591,1
DA:593,3
DA:595,1
DA:597,3
DA:600,1
DA:601,2
DA:604,1
LF:216
LH:141
end_of_record
SF:lib/modules/outbound/collection_task/bloc/outbound_collection_event.dart
DA:8,1
DA:10,0
DA:11,0
DA:19,1
DA:21,0
DA:22,0
DA:29,1
DA:31,0
DA:32,0
DA:39,1
DA:41,0
DA:42,0
DA:49,1
DA:51,0
DA:52,0
DA:57,1
DA:62,1
DA:69,1
DA:71,0
DA:72,0
DA:80,0
DA:85,0
DA:86,0
DA:93,0
DA:95,0
DA:96,0
DA:103,0
DA:105,0
DA:106,0
DA:111,0
DA:116,0
DA:121,0
DA:131,0
DA:138,0
DA:139,0
LF:35
LH:8
end_of_record
SF:lib/modules/outbound/collection_task/bloc/outbound_collection_state.dart
DA:157,3
DA:160,1
DA:161,2
DA:162,1
DA:163,2
DA:166,1
DA:167,2
DA:168,2
DA:169,1
DA:172,0
DA:173,0
DA:174,0
DA:176,0
DA:178,0
DA:180,0
DA:186,0
DA:187,0
DA:189,0
DA:190,0
DA:192,0
DA:194,0
DA:196,0
DA:198,0
DA:200,0
DA:202,0
DA:204,0
DA:206,0
DA:212,0
DA:213,0
DA:214,0
DA:219,3
DA:222,1
DA:223,5
DA:226,0
DA:227,0
DA:228,0
DA:229,0
DA:230,0
DA:231,0
DA:233,0
DA:238,0
DA:239,0
DA:242,0
DA:243,0
LF:44
LH:12
end_of_record
SF:lib/modules/outbound/collection_task/services/barcode_parser_service.dart
DA:6,1
DA:9,1
DA:12,1
DA:15,1
DA:20,2
DA:26,1
DA:27,1
DA:37,1
DA:40,1
DA:49,2
DA:50,1
DA:51,1
DA:52,1
DA:53,1
DA:54,1
DA:55,1
DA:56,1
DA:57,1
DA:58,1
DA:59,1
DA:64,0
DA:66,1
DA:73,1
DA:78,0
DA:79,0
DA:82,0
DA:85,0
DA:88,0
DA:94,0
DA:95,0
DA:97,0
DA:99,0
LF:32
LH:22
end_of_record
SF:lib/modules/outbound/collection_task/services/inventory_validation_service.dart
DA:12,1
DA:19,1
DA:20,1
DA:27,0
DA:28,0
DA:39,1
DA:50,1
DA:53,1
DA:54,0
DA:57,1
DA:58,0
DA:62,1
DA:70,0
DA:71,0
DA:75,2
DA:76,0
DA:77,0
DA:82,1
DA:83,2
DA:84,0
DA:85,0
DA:89,1
DA:93,1
DA:94,2
DA:95,0
DA:99,2
DA:101,0
DA:106,1
DA:113,1
DA:114,1
DA:121,1
DA:127,1
DA:135,2
DA:136,4
DA:141,1
DA:142,2
DA:149,1
DA:150,2
DA:164,0
DA:167,0
DA:169,0
DA:170,0
DA:171,0
DA:172,0
DA:173,0
DA:174,0
DA:177,0
DA:192,0
DA:209,1
LF:49
LH:27
end_of_record
